<?xml version="1.0" encoding="UTF-8"?>
<testsuite xmlns:xsi="http://www.w3.org/2001/XMLSchema-instance" xsi:noNamespaceSchemaLocation="https://maven.apache.org/surefire/maven-failsafe-plugin/xsd/failsafe-test-report-3.0.xsd" version="3.0" name="com.artium.runner.TestRunner" time="10.943" tests="1" errors="0" skipped="0" failures="0">
  <properties>
[...]
</properties>
  <testcase name="To Test the positive flow of Login functionality" classname="To Test the Login functionality" time="9.479">
    <system-out><![CDATA[10:54:44.631 [main] DEBUG n.t.c.u.PropertiesFileLocalPreferences - LOADING LOCAL PROPERTIES FROM C:\Users\lokeech\eclipse-workspace\ArtiumAutomationProject\serenity.properties 
10:54:44.670 [main] DEBUG n.t.c.u.PropertiesFileLocalPreferences - LOADING LOCAL PROPERTIES FROM C:\Users\lokeech\eclipse-workspace\ArtiumAutomationProject\serenity.properties 
10:54:44.670 [main] DEBUG n.t.c.u.PropertiesFileLocalPreferences - LOADING LOCAL PROPERTIES FROM C:\Users\lokeech\eclipse-workspace\ArtiumAutomationProject\serenity.properties 
10:54:44.678 [main] DEBUG n.t.c.u.PropertiesFileLocalPreferences - serenity.project.name=Serenity and Cucumber Quick Start
10:54:44.678 [main] DEBUG n.t.c.u.PropertiesFileLocalPreferences - webdriver.autodownload=true
10:54:44.678 [main] DEBUG n.t.c.u.PropertiesFileLocalPreferences - webdriver.driver=edge
10:54:44.678 [main] DEBUG n.t.c.u.PropertiesFileLocalPreferences - chrome.switches=--start-maximized;--test-type;--no-sandbox;--ignore-certificate-errors;\r\n                   --disable-popup-blocking;--disable-default-apps;--disable-extensions-file-access-check;\r\n                   --incognito;--disable-infobars,--disable-gpu
10:54:44.678 [main] DEBUG n.t.c.u.PropertiesFileLocalPreferences - serenity.take.screenshots=FOR_FAILURES
10:54:45.111 [main] INFO  i.c.core.plugin.SerenityReporter - Running feature from file:///C:/Users/lokeech/eclipse-workspace/ArtiumAutomationProject/src/test/resources/features/Login.feature
10:54:45.236 [main] DEBUG n.t.c.u.PropertiesFileLocalPreferences - LOADING LOCAL PROPERTIES FROM C:\Users\lokeech\eclipse-workspace\ArtiumAutomationProject\serenity.properties 
10:54:45.243 [main] DEBUG n.t.c.u.PropertiesFileLocalPreferences - LOADING LOCAL PROPERTIES FROM C:\Users\lokeech\eclipse-workspace\ArtiumAutomationProject\serenity.properties 
10:54:45.244 [main] DEBUG n.t.c.u.PropertiesFileLocalPreferences - LOADING LOCAL PROPERTIES FROM C:\Users\lokeech\eclipse-workspace\ArtiumAutomationProject\serenity.properties 
10:54:45.245 [main] DEBUG n.t.c.u.PropertiesFileLocalPreferences - serenity.project.name=Serenity and Cucumber Quick Start
10:54:45.245 [main] DEBUG n.t.c.u.PropertiesFileLocalPreferences - webdriver.autodownload=true
10:54:45.245 [main] DEBUG n.t.c.u.PropertiesFileLocalPreferences - webdriver.driver=edge
10:54:45.245 [main] DEBUG n.t.c.u.PropertiesFileLocalPreferences - chrome.switches=--start-maximized;--test-type;--no-sandbox;--ignore-certificate-errors;\r\n                   --disable-popup-blocking;--disable-default-apps;--disable-extensions-file-access-check;\r\n                   --incognito;--disable-infobars,--disable-gpu
10:54:45.245 [main] DEBUG n.t.c.u.PropertiesFileLocalPreferences - serenity.take.screenshots=FOR_FAILURES
10:54:45.250 [main] INFO   - 

-------------------------------------------------------------------------------------
     _______. _______ .______       _______ .__   __.  __  .___________.____    ____ 
    /       ||   ____||   _  \     |   ____||  \ |  | |  | |           |\   \  /   / 
   |   (----`|  |__   |  |_)  |    |  |__   |   \|  | |  | `---|  |----` \   \/   /  
    \   \    |   __|  |      /     |   __|  |  . `  | |  |     |  |       \_    _/   
.----)   |   |  |____ |  |\  \----.|  |____ |  |\   | |  |     |  |         |  |     
|_______/    |_______|| _| `._____||_______||__| \__| |__|     |__|         |__|    
                                                                                     
 News and tutorials at http://www.serenity-bdd.info                                  
 Documentation at https://wakaleo.gitbooks.io/the-serenity-book/content/             
 Join the Serenity Community on Gitter: https://gitter.im/serenity-bdd/serenity-core 
 Serenity BDD Support and Training at http://serenity-bdd.info/#/trainingandsupport  
-------------------------------------------------------------------------------------

10:54:45.253 [main] DEBUG n.thucydides.core.steps.StepEventBus - Test suite started for story net.thucydides.core.model.Story@14a0a2af
10:54:45.254 [main] INFO   - Test Suite Started: To Test the Login functionality

Scenario Outline: To Test the positive flow of Login functionality                    &amp#27;[90m# src/test/resources/features/Login.feature:11&amp#27;[0m
10:54:45.375 [main] INFO  i.c.core.plugin.SerenityReporter - Running feature from file:///C:/Users/lokeech/eclipse-workspace/ArtiumAutomationProject/src/test/resources/features/Login.feature
10:54:45.436 [main] INFO   - 
  _____   ___   ___   _____     ___   _____     _     ___   _____   ___   ___  
 |_   _| | __| / __| |_   _|   / __| |_   _|   /_\   | _ \ |_   _| | __| |   \ 
   | |   | _|  \__ \   | |     \__ \   | |    / _ \  |   /   | |   | _|  | |) |
   |_|   |___| |___/   |_|     |___/   |_|   /_/ \_\ |_|_\   |_|   |___| |___/ 

To Test the positive flow of Login functionality(to-test-the-login-functionality;to-test-the-positive-flow-of-login-functionality)
--------------------------------------------------------------------------------
10:54:45.437 [main] INFO  n.thucydides.core.model.TestOutcome - SetUserStory To Test the Login functionality
10:54:45.443 [main] INFO  n.thucydides.core.model.TestOutcome - SetUserStory To Test the Login functionality
10:54:45.492 [main] DEBUG n.t.c.r.m.cucumber.CucumberParser - Added feature To Test the Login functionality
10:54:45.506 [main] DEBUG n.t.c.r.m.cucumber.CucumberParser - Added feature To Test the SignUp functionality
10:54:46.103 [main] DEBUG i.g.b.wdm.cache.ResolutionCache - Removing resolution edge=94 from cache (expired on Sat Oct 23 10:42:44 IST 2021)
10:54:46.115 [main] DEBUG o.a.h.c.h.i.c.InternalHttpClient - ex-00000001: preparing request execution
10:54:46.120 [main] DEBUG o.a.h.c.h.protocol.RequestAddCookies - Cookie spec selected: strict
10:54:46.125 [main] DEBUG o.a.h.c.h.protocol.RequestAuthCache - Auth cache not set in the context
10:54:46.125 [main] DEBUG o.a.h.c.h.impl.classic.ProtocolExec - ex-00000001: target auth state: UNCHALLENGED
10:54:46.126 [main] DEBUG o.a.h.c.h.impl.classic.ProtocolExec - ex-00000001: proxy auth state: UNCHALLENGED
10:54:46.126 [main] DEBUG o.a.h.c.h.impl.classic.ConnectExec - ex-00000001: acquiring connection with route {s}->https://raw.githubusercontent.com:443
10:54:46.127 [main] DEBUG o.a.h.c.h.i.c.InternalHttpClient - ex-00000001: acquiring endpoint (3 MINUTES)
10:54:46.128 [main] DEBUG o.a.h.c.h.i.i.PoolingHttpClientConnectionManager - ex-00000001: endpoint lease request (3 MINUTES) [route: {s}->https://raw.githubusercontent.com:443][total available: 0; route allocated: 0 of 5; total allocated: 0 of 25]
10:54:46.132 [main] DEBUG o.a.h.c.h.i.i.PoolingHttpClientConnectionManager - ex-00000001: endpoint leased [route: {s}->https://raw.githubusercontent.com:443][total available: 0; route allocated: 1 of 5; total allocated: 1 of 25]
10:54:46.141 [main] DEBUG o.a.h.c.h.i.i.PoolingHttpClientConnectionManager - ex-00000001: acquired ep-00000000
10:54:46.141 [main] DEBUG o.a.h.c.h.i.c.InternalHttpClient - ex-00000001: acquired endpoint ep-00000000
10:54:46.141 [main] DEBUG o.a.h.c.h.impl.classic.ConnectExec - ex-00000001: opening connection {s}->https://raw.githubusercontent.com:443
10:54:46.142 [main] DEBUG o.a.h.c.h.i.c.InternalHttpClient - ep-00000000: connecting endpoint (30 SECONDS)
10:54:46.142 [main] DEBUG o.a.h.c.h.i.i.PoolingHttpClientConnectionManager - ep-00000000: connecting endpoint to https://raw.githubusercontent.com:443 (30 SECONDS)
10:54:46.179 [main] DEBUG o.a.h.c.h.i.i.DefaultHttpClientConnectionOperator - http-outgoing-0: connecting to raw.githubusercontent.com/185.199.108.133:443
10:54:46.180 [main] DEBUG o.a.h.c.h.s.SSLConnectionSocketFactory - Connecting socket to raw.githubusercontent.com/185.199.108.133:443 with timeout 30 SECONDS
10:54:46.315 [main] DEBUG o.a.h.c.h.s.SSLConnectionSocketFactory - Enabled protocols: [TLSv1.2]
10:54:46.316 [main] DEBUG o.a.h.c.h.s.SSLConnectionSocketFactory - Enabled cipher suites: [TLS_ECDHE_ECDSA_WITH_AES_256_GCM_SHA384, TLS_ECDHE_ECDSA_WITH_AES_128_GCM_SHA256, TLS_ECDHE_RSA_WITH_AES_256_GCM_SHA384, TLS_RSA_WITH_AES_256_GCM_SHA384, TLS_ECDH_ECDSA_WITH_AES_256_GCM_SHA384, TLS_ECDH_RSA_WITH_AES_256_GCM_SHA384, TLS_DHE_RSA_WITH_AES_256_GCM_SHA384, TLS_DHE_DSS_WITH_AES_256_GCM_SHA384, TLS_ECDHE_RSA_WITH_AES_128_GCM_SHA256, TLS_RSA_WITH_AES_128_GCM_SHA256, TLS_ECDH_ECDSA_WITH_AES_128_GCM_SHA256, TLS_ECDH_RSA_WITH_AES_128_GCM_SHA256, TLS_DHE_RSA_WITH_AES_128_GCM_SHA256, TLS_DHE_DSS_WITH_AES_128_GCM_SHA256, TLS_ECDHE_ECDSA_WITH_AES_256_CBC_SHA384, TLS_ECDHE_RSA_WITH_AES_256_CBC_SHA384, TLS_RSA_WITH_AES_256_CBC_SHA256, TLS_ECDH_ECDSA_WITH_AES_256_CBC_SHA384, TLS_ECDH_RSA_WITH_AES_256_CBC_SHA384, TLS_DHE_RSA_WITH_AES_256_CBC_SHA256, TLS_DHE_DSS_WITH_AES_256_CBC_SHA256, TLS_ECDHE_ECDSA_WITH_AES_256_CBC_SHA, TLS_ECDHE_RSA_WITH_AES_256_CBC_SHA, TLS_RSA_WITH_AES_256_CBC_SHA, TLS_ECDH_ECDSA_WITH_AES_256_CBC_SHA, TLS_ECDH_RSA_WITH_AES_256_CBC_SHA, TLS_DHE_RSA_WITH_AES_256_CBC_SHA, TLS_DHE_DSS_WITH_AES_256_CBC_SHA, TLS_ECDHE_ECDSA_WITH_AES_128_CBC_SHA256, TLS_ECDHE_RSA_WITH_AES_128_CBC_SHA256, TLS_RSA_WITH_AES_128_CBC_SHA256, TLS_ECDH_ECDSA_WITH_AES_128_CBC_SHA256, TLS_ECDH_RSA_WITH_AES_128_CBC_SHA256, TLS_DHE_RSA_WITH_AES_128_CBC_SHA256, TLS_DHE_DSS_WITH_AES_128_CBC_SHA256, TLS_ECDHE_ECDSA_WITH_AES_128_CBC_SHA, TLS_ECDHE_RSA_WITH_AES_128_CBC_SHA, TLS_RSA_WITH_AES_128_CBC_SHA, TLS_ECDH_ECDSA_WITH_AES_128_CBC_SHA, TLS_ECDH_RSA_WITH_AES_128_CBC_SHA, TLS_DHE_RSA_WITH_AES_128_CBC_SHA, TLS_DHE_DSS_WITH_AES_128_CBC_SHA, TLS_EMPTY_RENEGOTIATION_INFO_SCSV]
10:54:46.316 [main] DEBUG o.a.h.c.h.s.SSLConnectionSocketFactory - Starting handshake
10:54:46.464 [main] DEBUG o.a.h.c.h.s.SSLConnectionSocketFactory - Secure session established
10:54:46.464 [main] DEBUG o.a.h.c.h.s.SSLConnectionSocketFactory -  negotiated protocol: TLSv1.2
10:54:46.464 [main] DEBUG o.a.h.c.h.s.SSLConnectionSocketFactory -  negotiated cipher suite: TLS_ECDHE_RSA_WITH_AES_128_GCM_SHA256
10:54:46.464 [main] DEBUG o.a.h.c.h.s.SSLConnectionSocketFactory -  peer principal: CN=www.github.com, O="GitHub, Inc.", L=San Francisco, ST=California, C=US
10:54:46.465 [main] DEBUG o.a.h.c.h.s.SSLConnectionSocketFactory -  peer alternative names: [www.github.com, *.github.com, github.com, *.github.io, github.io, *.githubusercontent.com, githubusercontent.com]
10:54:46.465 [main] DEBUG o.a.h.c.h.s.SSLConnectionSocketFactory -  issuer principal: CN=DigiCert SHA2 High Assurance Server CA, OU=www.digicert.com, O=DigiCert Inc, C=US
10:54:46.466 [main] DEBUG o.a.h.c.h.i.i.DefaultHttpClientConnectionOperator - http-outgoing-0: connection established 192.168.1.99:55362<->185.199.108.133:443
10:54:46.467 [main] DEBUG o.a.h.c.h.i.i.PoolingHttpClientConnectionManager - ep-00000000: connected http-outgoing-0
10:54:46.467 [main] DEBUG o.a.h.c.h.i.c.InternalHttpClient - ep-00000000: endpoint connected
10:54:46.467 [main] DEBUG o.a.h.c.h.i.classic.MainClientExec - ex-00000001: executing GET /bonigarcia/webdrivermanager/master/src/main/resources/commands.properties HTTP/1.1
10:54:46.468 [main] DEBUG o.a.h.c.h.i.c.InternalHttpClient - ep-00000000: start execution ex-00000001
10:54:46.468 [main] DEBUG o.a.h.c.h.i.i.PoolingHttpClientConnectionManager - ep-00000000: executing exchange ex-00000001 over http-outgoing-0
10:54:46.469 [main] DEBUG org.apache.hc.client5.http.headers - http-outgoing-0 >> GET /bonigarcia/webdrivermanager/master/src/main/resources/commands.properties HTTP/1.1
10:54:46.469 [main] DEBUG org.apache.hc.client5.http.headers - http-outgoing-0 >> user-agent: Apache-HttpClient/5.0
10:54:46.469 [main] DEBUG org.apache.hc.client5.http.headers - http-outgoing-0 >> accept-encoding: gzip, deflate, br
10:54:46.469 [main] DEBUG org.apache.hc.client5.http.headers - http-outgoing-0 >> cache-control: max-age=0
10:54:46.469 [main] DEBUG org.apache.hc.client5.http.headers - http-outgoing-0 >> connection: keep-alive
10:54:46.469 [main] DEBUG org.apache.hc.client5.http.headers - http-outgoing-0 >> Host: raw.githubusercontent.com
10:54:46.469 [main] DEBUG org.apache.hc.client5.http.wire - http-outgoing-0 >> "GET /bonigarcia/webdrivermanager/master/src/main/resources/commands.properties HTTP/1.1[\r][\n]"
10:54:46.469 [main] DEBUG org.apache.hc.client5.http.wire - http-outgoing-0 >> "user-agent: Apache-HttpClient/5.0[\r][\n]"
10:54:46.469 [main] DEBUG org.apache.hc.client5.http.wire - http-outgoing-0 >> "accept-encoding: gzip, deflate, br[\r][\n]"
10:54:46.469 [main] DEBUG org.apache.hc.client5.http.wire - http-outgoing-0 >> "cache-control: max-age=0[\r][\n]"
10:54:46.469 [main] DEBUG org.apache.hc.client5.http.wire - http-outgoing-0 >> "connection: keep-alive[\r][\n]"
10:54:46.469 [main] DEBUG org.apache.hc.client5.http.wire - http-outgoing-0 >> "Host: raw.githubusercontent.com[\r][\n]"
10:54:46.469 [main] DEBUG org.apache.hc.client5.http.wire - http-outgoing-0 >> "[\r][\n]"
10:54:46.514 [main] DEBUG org.apache.hc.client5.http.wire - http-outgoing-0 << "HTTP/1.1 200 OK[\r][\n]"
10:54:46.514 [main] DEBUG org.apache.hc.client5.http.wire - http-outgoing-0 << "Connection: keep-alive[\r][\n]"
10:54:46.514 [main] DEBUG org.apache.hc.client5.http.wire - http-outgoing-0 << "Content-Length: 728[\r][\n]"
10:54:46.514 [main] DEBUG org.apache.hc.client5.http.wire - http-outgoing-0 << "Cache-Control: max-age=300[\r][\n]"
10:54:46.514 [main] DEBUG org.apache.hc.client5.http.wire - http-outgoing-0 << "Content-Security-Policy: default-src 'none'; style-src 'unsafe-inline'; sandbox[\r][\n]"
10:54:46.514 [main] DEBUG org.apache.hc.client5.http.wire - http-outgoing-0 << "Content-Type: text/plain; charset=utf-8[\r][\n]"
10:54:46.514 [main] DEBUG org.apache.hc.client5.http.wire - http-outgoing-0 << "ETag: W/"f670816d6bfbef80584dadbb549bb9c4ccd5de869d5b63cc2a694a74613014b5"[\r][\n]"
10:54:46.514 [main] DEBUG org.apache.hc.client5.http.wire - http-outgoing-0 << "Strict-Transport-Security: max-age=31536000[\r][\n]"
10:54:46.514 [main] DEBUG org.apache.hc.client5.http.wire - http-outgoing-0 << "X-Content-Type-Options: nosniff[\r][\n]"
10:54:46.514 [main] DEBUG org.apache.hc.client5.http.wire - http-outgoing-0 << "X-Frame-Options: deny[\r][\n]"
10:54:46.514 [main] DEBUG org.apache.hc.client5.http.wire - http-outgoing-0 << "X-XSS-Protection: 1; mode=block[\r][\n]"
10:54:46.514 [main] DEBUG org.apache.hc.client5.http.wire - http-outgoing-0 << "X-GitHub-Request-Id: 2548:0C56:25ED44:2EBC51:616E37B0[\r][\n]"
10:54:46.515 [main] DEBUG org.apache.hc.client5.http.wire - http-outgoing-0 << "Content-Encoding: gzip[\r][\n]"
10:54:46.515 [main] DEBUG org.apache.hc.client5.http.wire - http-outgoing-0 << "Accept-Ranges: bytes[\r][\n]"
10:54:46.515 [main] DEBUG org.apache.hc.client5.http.wire - http-outgoing-0 << "Date: Sat, 23 Oct 2021 05:24:47 GMT[\r][\n]"
10:54:46.515 [main] DEBUG org.apache.hc.client5.http.wire - http-outgoing-0 << "Via: 1.1 varnish[\r][\n]"
10:54:46.515 [main] DEBUG org.apache.hc.client5.http.wire - http-outgoing-0 << "X-Served-By: cache-maa10243-MAA[\r][\n]"
10:54:46.515 [main] DEBUG org.apache.hc.client5.http.wire - http-outgoing-0 << "X-Cache: HIT[\r][\n]"
10:54:46.515 [main] DEBUG org.apache.hc.client5.http.wire - http-outgoing-0 << "X-Cache-Hits: 1[\r][\n]"
10:54:46.515 [main] DEBUG org.apache.hc.client5.http.wire - http-outgoing-0 << "X-Timer: S1634966687.249542,VS0,VE0[\r][\n]"
10:54:46.515 [main] DEBUG org.apache.hc.client5.http.wire - http-outgoing-0 << "Vary: Authorization,Accept-Encoding,Origin[\r][\n]"
10:54:46.515 [main] DEBUG org.apache.hc.client5.http.wire - http-outgoing-0 << "Access-Control-Allow-Origin: *[\r][\n]"
10:54:46.515 [main] DEBUG org.apache.hc.client5.http.wire - http-outgoing-0 << "X-Fastly-Request-ID: 06e85fa518028e05fb656435e698eb4a57b31e45[\r][\n]"
10:54:46.515 [main] DEBUG org.apache.hc.client5.http.wire - http-outgoing-0 << "Expires: Sat, 23 Oct 2021 05:29:47 GMT[\r][\n]"
10:54:46.515 [main] DEBUG org.apache.hc.client5.http.wire - http-outgoing-0 << "Source-Age: 121[\r][\n]"
10:54:46.515 [main] DEBUG org.apache.hc.client5.http.wire - http-outgoing-0 << "[\r][\n]"
10:54:46.517 [main] DEBUG org.apache.hc.client5.http.headers - http-outgoing-0 << HTTP/1.1 200 OK
10:54:46.518 [main] DEBUG org.apache.hc.client5.http.headers - http-outgoing-0 << Connection: keep-alive
10:54:46.518 [main] DEBUG org.apache.hc.client5.http.headers - http-outgoing-0 << Content-Length: 728
10:54:46.518 [main] DEBUG org.apache.hc.client5.http.headers - http-outgoing-0 << Cache-Control: max-age=300
10:54:46.518 [main] DEBUG org.apache.hc.client5.http.headers - http-outgoing-0 << Content-Security-Policy: default-src 'none'; style-src 'unsafe-inline'; sandbox
10:54:46.518 [main] DEBUG org.apache.hc.client5.http.headers - http-outgoing-0 << Content-Type: text/plain; charset=utf-8
10:54:46.518 [main] DEBUG org.apache.hc.client5.http.headers - http-outgoing-0 << ETag: W/"f670816d6bfbef80584dadbb549bb9c4ccd5de869d5b63cc2a694a74613014b5"
10:54:46.518 [main] DEBUG org.apache.hc.client5.http.headers - http-outgoing-0 << Strict-Transport-Security: max-age=31536000
10:54:46.518 [main] DEBUG org.apache.hc.client5.http.headers - http-outgoing-0 << X-Content-Type-Options: nosniff
10:54:46.518 [main] DEBUG org.apache.hc.client5.http.headers - http-outgoing-0 << X-Frame-Options: deny
10:54:46.518 [main] DEBUG org.apache.hc.client5.http.headers - http-outgoing-0 << X-XSS-Protection: 1; mode=block
10:54:46.518 [main] DEBUG org.apache.hc.client5.http.headers - http-outgoing-0 << X-GitHub-Request-Id: 2548:0C56:25ED44:2EBC51:616E37B0
10:54:46.518 [main] DEBUG org.apache.hc.client5.http.headers - http-outgoing-0 << Content-Encoding: gzip
10:54:46.518 [main] DEBUG org.apache.hc.client5.http.headers - http-outgoing-0 << Accept-Ranges: bytes
10:54:46.518 [main] DEBUG org.apache.hc.client5.http.headers - http-outgoing-0 << Date: Sat, 23 Oct 2021 05:24:47 GMT
10:54:46.518 [main] DEBUG org.apache.hc.client5.http.headers - http-outgoing-0 << Via: 1.1 varnish
10:54:46.518 [main] DEBUG org.apache.hc.client5.http.headers - http-outgoing-0 << X-Served-By: cache-maa10243-MAA
10:54:46.518 [main] DEBUG org.apache.hc.client5.http.headers - http-outgoing-0 << X-Cache: HIT
10:54:46.518 [main] DEBUG org.apache.hc.client5.http.headers - http-outgoing-0 << X-Cache-Hits: 1
10:54:46.518 [main] DEBUG org.apache.hc.client5.http.headers - http-outgoing-0 << X-Timer: S1634966687.249542,VS0,VE0
10:54:46.518 [main] DEBUG org.apache.hc.client5.http.headers - http-outgoing-0 << Vary: Authorization,Accept-Encoding,Origin
10:54:46.518 [main] DEBUG org.apache.hc.client5.http.headers - http-outgoing-0 << Access-Control-Allow-Origin: *
10:54:46.518 [main] DEBUG org.apache.hc.client5.http.headers - http-outgoing-0 << X-Fastly-Request-ID: 06e85fa518028e05fb656435e698eb4a57b31e45
10:54:46.518 [main] DEBUG org.apache.hc.client5.http.headers - http-outgoing-0 << Expires: Sat, 23 Oct 2021 05:29:47 GMT
10:54:46.518 [main] DEBUG org.apache.hc.client5.http.headers - http-outgoing-0 << Source-Age: 121
10:54:46.523 [main] DEBUG o.a.h.c.h.i.classic.MainClientExec - ex-00000001: connection can be kept alive for 3 MINUTES
10:54:46.528 [main] DEBUG org.apache.hc.client5.http.wire - http-outgoing-0 << "[0x1f][0xffffff8b][0x8][0x0][0x0][0x0][0x0][0x0][0x0][0x3][0xffffffb5]V]o[0xffffffda]0[0x14]}[0xffffffe7]W\[0xffffff81]*[0xffffffb5][0x12][0x1f][[M[0xffffffd3]$[0x1e]hF[0xffffffbb]i [0x18][0xffffffb4][0xffffffdd]&[0xfffffff9][0xffffffc5]Mn[0xffffff82][0xffffffa5]$Fv([0xffffffed]~[0xfffffffd]l[0xffffffe7]c$u[0x6]k[0xffffffe8][l_[0xffffff9f]s|[0xffffffef]q|;[0xffffffe0][0xfffffff0]([0xffffffa2][0xffffffb1]'[0xffffffc1][0xffffffa3][0x9]}[0xffffffa0][0x12][[0x1d][0xffffffb8]]1[0x9]>[0xb][0x11]\[0x1e]'[0xffffff94][0xffffffc5][0x12][0xffffff92][0xffffff95][0x1e]d[0xffffffa1][0x9][0xffffff87][0x7][0x4]|Bw[0xffffff93][0xffffffa0][0x7],6[0xffffffcb]r[0xffffff85]a[0xffffffa8][0x7]\x(t[0xffffff90][0xffffff87][0x9][0xffffffba][0xffffff89]Y|D![0x19]Wk>[0xffffffa0][0xfffffffa][0xe][0x4]b[0xc][0xf][0xffffff82]o[0xffffffa5]ZP[0xffffff94][0xffffffa7][0xffffffce]J[0xfffffff0][0x8][0xffffffbb]p[0xffffffcd][0x4][0xfffffffa][0xfffffffc][0xffffffa9][0xb][0xffffffb3]5[\n]"
10:54:46.529 [main] DEBUG org.apache.hc.client5.http.wire - http-outgoing-0 << "[0xffffffda][0xffffff85][0xffffffb1][0x17][0xffffffa8]Y[0xffffffb3][0xffffffca]6[0xffffffd1][0xffffff99][0xffffffc6][0xfffffff7][0xffffff98][0xffffffef][0xffffffa3][0xffffffc0]8[0x1][0xffffffae]c[0x12][0x16][0x7] [0xffffff9f]e[0xffffff82][0xffffff91][0xffffff84][0xffffffd3][0x1f],[0xfffffff6][0x14]j[0x17]&,[0xffffffde]([0xffffff98])ua[0xffffffb6]<k)[0xffffff8e][0xffffff94][0xffffffa2][0xffffff95][0x1d][0xffffffa3][0xffffffef][0xffffff9a]a[0x7f][0xffffff9b]n[0xffffffe8][0xffffffbf]{?t#[0xffffffaf][0xffffffaf]N[0x5][0x3][0x7][0xffffffb6][0x11]sMJL[0x1a][0xffffffb6]+[0xffffffc5][0x7]1[0xffffff8d]p[0xffffffd8]>[0xffffff99]/f7[0xffffff8b][0xffffffd1][0xfffffff4][0xfffffffa][0xffffffeb]d[0xffffffbc]<[0xfffffffd][0xfffffff9][0xfffffff1][0xffffffc3][0xffffffd9]'2$[0xffffffe4][0xffffff84][0xffffff90][0x1b][0xffffffce][0xffffff83][0x10][0x9]Iy[0x8][0x19][0xffffffad][0xffffffd7]!s[0xffffff95]>[0x1e][0x13][0xffffff92][0xffffffb1])[0xfffffff8]6[0x4][0xffffff98][0xffffffc0]}[0xffffff96][0xffffff90][0xffffffc1]#[\r]7[0xfffffff5][0xffffffa2][0xffffffce][0xf][0x14]5[0xffffff99]9[0xffffffa3][0xffffffc9]h>[0xffffffff]<[0xffffffba][0x1d][0xffffffbd][0xffffffa5][0xffffff9e][0xffffff8b]W$[0xffffffe9]-[0xfffffff5]\[0xe][0x17][0xffffffe3][0x1b][0xfffffff8]~7^[0xfffffffc][0xffffff82]/[0xffffffdf][0xffffff9c];[0xffffffb2][0xffffffe4]~[0xffffffb2][0xffffffa5][0x2]s[0xffffffb6][0xffffff8c][0xffffffec]jr[0xffffff85][0xffffffd4]5x[0xffffffb9][0x17][U[0xffffffd0]P;F[0xfffffffb] 0[{[0xffffffe9]4[0xfffffff4]zu[0x1b]"[0xffffffea][0xffffffea][0xfffffff0][0xffffffc1][0xffffffce]A[0xffffffe4] [0xffffffe5][0xffffffcd][0xffffffcc][0xffffffd6][0xffffffa7][0xffffffeb][0xfffffff5][0xffffffc0]Q[0xffffff97]H[0xffffffb9]U[0xe][0xffffff94][0x17]g[0xffffffcb]r[0xffffffc0].[0xffffffba][0xffffffb2]h[0xffffffe6][0xfffffffe][0xffffff82][0xffffffc8]O[0xffffffc7][0xffffffcd]L[0xffffff9a][0xffffffe7][0x7f][0xffffffca][0x7f][0xffffffb3]0[0xffffffa4]9[0x9]!9[0xfffffffa][0xffffffbe][0xffffffa4][0xffffffbf]Pq[0xffffffa8]+k[0xffffffaf][0xffffffca][0xfffffff1][0xffffffa4]\[0xffffffec][0x18][0xffffffa0]]v@FR%kk[0xf]8[0x1b][0xffffffa1][0xffffffff] [0xfffffff7][0xffffffd5][0xffffffca][0xffffffe6][0xfffffff8][0xffffff85][0x17][0xffffffb2][0x9][0xffffffe8]=[0xffffffbe][0xc][0xffffffb2][0xffffffd6]?c[0xffffffb1]U~[0x17]K[0x15][[0xffffffff][0xffffffda][\n]"
10:54:46.529 [main] DEBUG org.apache.hc.client5.http.wire - http-outgoing-0 << "LT[0xffffff83]#[0xfffffffe][0xffffff8b][0xffffffa6][0xffffffcc][0x15]\[0xffffffaa]L[0x10][0xffffffa2]i*[0xffffff97]-[0xffffff92][0xffffff86]n_[0xffffffb2][0xffffffcb][0xffffff9a]^S[0xfffffff4]7[0xffffff94]sQ{[0xfffffff3][0xffffffff][0xffffff92][0x19][0xffffffae][0x7f]^}[0xffffff83]Y[0x14];[0xffffffca]w[0xfffffff6][0xfffffff4][0xffffffbc][0xffffffed][0xffffffe6][0xffffff9b]xk[0xffffffdd][0xb]VSW[[0xfffffff9][0xffffffcb][0x11]P[0xffffffba][0xfffffff8][0xffffffe6][0xffffffb5]+X[0xffffffcc][0xffffffbb][0xfffffff6][0xffffffff]n[0xffffffb0]=[0x2]s[0xffffffc1][0x3]A#I[0xffffff88][0xffffffa1] $[0xffffffa4][0xffffff9b][0xffffffd8]U[0xffffffbb][0xfffffff6][0xffffffa6][0xffffffbb]"[0xffffffa2]I[0xfffffff9][0xffffff8f]&[0xffffffe2][0xffffffd0][0xffffffe7][0xffffffc7][0xffffff96][0xffffff89][0xffffff86][0xffffffd4][0xffffff97][\r][0xffffffce][0x7f](u[0xffffff85][0xffffffbb][0xfffffff0][0xffffffa5][0x19][0xffffffda][0xffffffec][0xffffff98][0xffffffc6]Y[0xfffffffd]h8m6[0xffffff9c]U[0xffffffc1][0xfffffff2][0xffffffd6]H[0xfffffff5]W[0xffffffe5][0x17]NM[0x1c][0xffffffc7][0xffffff84]9|[0xffffff83]7[0xffffffbf][0xffffffa4][0xffffffa5][0xfffffff1][0xfffffffb]slAM[0xffffffda][0xffffffa2]ck[0xffffffa9]o[0xffffff89][\n]"
10:54:46.529 [main] DEBUG org.apache.hc.client5.http.wire - http-outgoing-0 << "[0xffffffa6][0xfffffffd][0xffffffdd][0xffffff90]F,[0xffffffec][0xffffff97][0xffffffcf][0xfffffff4][0xffffffb2][0xffffff86]}[0xffffffc7]<u[0xffffff9b][0xffffffce][0xffffff8b]M[0xffffffb5][0xfffffffd][0xffffff93][0xffffff8e][0xffffffb6]:7[0xffffff97]i3[0xffffffaf]cA[0xffffffed][0xffffffc0][0xffffff92][0xfffffffa]T[0xffffffb0][0x2]^[0xffffff9a][0xffffffa1][0x1d]<[\r][0xffffffb5]A[0xffffffa7]+;[0xffffffc0][0x7f][0x0][0xffffffb2]$|[0xffffff88][0x1d][\r][0x0][0x0]"
10:54:46.530 [main] DEBUG o.a.h.c.h.i.c.InternalHttpClient - ep-00000000: releasing valid endpoint
10:54:46.530 [main] DEBUG o.a.h.c.h.i.i.PoolingHttpClientConnectionManager - ep-00000000: releasing endpoint
10:54:46.531 [main] DEBUG o.a.h.c.h.i.i.PoolingHttpClientConnectionManager - ep-00000000: connection http-outgoing-0 can be kept alive for 3 MINUTES
10:54:46.531 [main] DEBUG o.a.h.c.h.i.i.PoolingHttpClientConnectionManager - ep-00000000: connection released [route: {s}->https://raw.githubusercontent.com:443][total available: 1; route allocated: 1 of 5; total allocated: 1 of 25]
10:54:46.531 [main] DEBUG i.g.b.wdm.versions.VersionDetector - Detecting edge version using online commands.properties
10:54:46.534 [main] DEBUG i.g.bonigarcia.wdm.versions.Shell - Running command on the shell: [cmd.exe, /C, wmic, datafile, where, name="%PROGRAMFILES(X86):\=\\%\\Microsoft\\Edge\\Application\\msedge.exe", get, Version, /value]
10:54:46.631 [main] DEBUG i.g.bonigarcia.wdm.versions.Shell - Result: Version=94.0.992.50
10:54:46.633 [main] DEBUG i.g.b.wdm.cache.ResolutionCache - Resolution edge94=94.0.992.50 in cache (valid until 13:39:10 23/10/2021 IST)
10:54:46.633 [main] INFO  i.g.bonigarcia.wdm.WebDriverManager - Using msedgedriver 94.0.992.50 (resolved driver for Edge 94)
10:54:46.635 [main] DEBUG i.g.b.wdm.cache.ResolutionCache - Storing resolution edge=94 in cache (valid until 11:54:46 23/10/2021 IST)
10:54:46.641 [main] DEBUG i.g.bonigarcia.wdm.WebDriverManager - Driver msedgedriver 94.0.992.50 found in cache
10:54:46.642 [main] INFO  i.g.bonigarcia.wdm.WebDriverManager - Exporting webdriver.edge.driver as C:\Users\lokeech\.cache\selenium\msedgedriver\win64\94.0.992.50\msedgedriver.exe
10:54:47.027 [main] INFO  n.s.c.w.d.ProvideNewDriver - Instantiating driver
10:54:47.028 [main] INFO  n.s.c.w.d.ProvideNewDriver - Driver capabilities: Capabilities {autodownload: true, base.url: , driver: edge, loggingPrefs: org.openqa.selenium.logging..., ms:edgeChrominum: true, ms:edgeOptions: {prefs: {}}}
10:54:49.420 [main] DEBUG n.s.core.photography.Darkroom - Opening darkroom
10:54:49.420 [Darkroom Processing Line] DEBUG n.s.c.p.DarkroomProcessingLine - Darkroom processing line starting up
10:54:50.175 [main] DEBUG n.s.core.photography.Darkroom - Send negative for processing for target\site\serenity\a04c94881e437c1b3d27e433aa6696d5bd97b17cf7f37043c5236fbac70426b1.png
10:54:50.176 [Darkroom Processing Line] DEBUG n.s.c.p.DarkroomProcessingLine - Processing screenshot image in /var/screenshots/screenshot-3407876927076427032
10:54:50.176 [Darkroom Processing Line] DEBUG n.s.c.p.DarkroomProcessingLine - Saving screenshot to target\site\serenity\a04c94881e437c1b3d27e433aa6696d5bd97b17cf7f37043c5236fbac70426b1.png
  &amp#27;[32mGiven &amp#27;[0m&amp#27;[32mUser opens the Web Application&amp#27;[0m                                                &amp#27;[90m# com.artium.testscripts.SignUpTest.user_opens_the_web_application()&amp#27;[0m
10:54:51.569 [main] DEBUG n.s.core.photography.Darkroom - Send negative for processing for target\site\serenity\d7c095f1adbe3979491159e9dc8fc5229c0f7ed9f6bac3d64d589e610fb60ff3.png
  &amp#27;[32mWhen &amp#27;[0m&amp#27;[32mUser navigates to Login Page&amp#27;[0m                                                   &amp#27;[90m# com.artium.testscripts.SignUpTest.user_navigates_to_login_page()&amp#27;[0m
10:54:51.570 [Darkroom Processing Line] DEBUG n.s.c.p.DarkroomProcessingLine - Processing screenshot image in /var/screenshots/screenshot-1906918869236977564
10:54:51.570 [Darkroom Processing Line] DEBUG n.s.c.p.DarkroomProcessingLine - Saving screenshot to target\site\serenity\d7c095f1adbe3979491159e9dc8fc5229c0f7ed9f6bac3d64d589e610fb60ff3.png
10:54:52.063 [main] DEBUG n.s.core.photography.Darkroom - Send negative for processing for target\site\serenity\4e9d5b5421006e631fe8b7f486157abc49f3203fd3da6d24f1d053fbcafdec3b.png
  &amp#27;[32mAnd &amp#27;[0m&amp#27;[32mUser clicks on Login Using Password Link&amp#27;[0m                                        &amp#27;[90m# com.artium.testscripts.LoginTest.user_clicks_on_login_using_password_link()&amp#27;[0m
10:54:52.064 [Darkroom Processing Line] DEBUG n.s.c.p.DarkroomProcessingLine - Processing screenshot image in /var/screenshots/screenshot-8476600624154048554
10:54:52.064 [Darkroom Processing Line] DEBUG n.s.c.p.DarkroomProcessingLine - Saving screenshot to target\site\serenity\4e9d5b5421006e631fe8b7f486157abc49f3203fd3da6d24f1d053fbcafdec3b.png
10:54:52.611 [main] DEBUG n.s.core.photography.Darkroom - Send negative for processing for target\site\serenity\f8031b7f9a5e529353c0fdd23dc4137073ba4eeebf2799d70c6e38e9070d68ef.png
  &amp#27;[32mThen &amp#27;[0m&amp#27;[32muser login to Application using email &amp#27;[0m&amp#27;[32m&amp#27;[1m"abcd@gmail.com"&amp#27;[0m&amp#27;[32m and password &amp#27;[0m&amp#27;[32m&amp#27;[1m"abc12ABC"&amp#27;[0m &amp#27;[90m# com.artium.testscripts.LoginTest.user_login_to_application_using_email_and_password(java.lang.String,java.lang.String)&amp#27;[0m
10:54:52.611 [Darkroom Processing Line] DEBUG n.s.c.p.DarkroomProcessingLine - Processing screenshot image in /var/screenshots/screenshot-7392408361573275185
10:54:52.611 [Darkroom Processing Line] DEBUG n.s.c.p.DarkroomProcessingLine - Saving screenshot to target\site\serenity\f8031b7f9a5e529353c0fdd23dc4137073ba4eeebf2799d70c6e38e9070d68ef.png
Book your slot
Book your slot
  &amp#27;[32mAnd &amp#27;[0m&amp#27;[32muser lands to Book your slot web page &amp#27;[0m&amp#27;[32m&amp#27;[1m"Book your slot"&amp#27;[0m                          &amp#27;[90m# com.artium.testscripts.SignUpTest.user_lands_to_Book_your_slot_web_page(java.lang.String)&amp#27;[0m
10:54:53.347 [main] DEBUG n.s.core.photography.Darkroom - Send negative for processing for target\site\serenity\4727a3ade671f38d7dda9dcc697366cda5c91b13e0c7f7b1a2f5dd794e8b3f1d.png
10:54:53.348 [Darkroom Processing Line] DEBUG n.s.c.p.DarkroomProcessingLine - Processing screenshot image in /var/screenshots/screenshot-201154723367197190
10:54:53.348 [Darkroom Processing Line] DEBUG n.s.c.p.DarkroomProcessingLine - Saving screenshot to target\site\serenity\4727a3ade671f38d7dda9dcc697366cda5c91b13e0c7f7b1a2f5dd794e8b3f1d.png
10:54:53.886 [main] DEBUG n.s.core.photography.Darkroom - Send negative for processing for target\site\serenity\d7c095f1adbe3979491159e9dc8fc5229c0f7ed9f6bac3d64d589e610fb60ff3.png
  &amp#27;[32mAnd &amp#27;[0m&amp#27;[32muser logout to web Application&amp#27;[0m                                                  &amp#27;[90m# com.artium.testscripts.SignUpTest.user_logout_to_web_Application()&amp#27;[0m
10:54:54.745 [main] INFO   - 
  _____   ___   ___   _____     ___     _     ___   ___   ___   ___  
 |_   _| | __| / __| |_   _|   | _ \   /_\   / __| / __| | __| |   \ 
   | |   | _|  \__ \   | |     |  _/  / _ \  \__ \ \__ \ | _|  | |) |
   |_|   |___| |___/   |_|     |_|   /_/ \_\ |___/ |___/ |___| |___/ 

To Test the positive flow of Login functionality
----------------------------------------------------------------------
]]></system-out>
    <system-err><![CDATA[Starting MSEdgeDriver 94.0.992.50 (80a49a71b4e2d00a1499ea10b608fe26bb6f41e7) on port 22397
Only local connections are allowed.
Please see https://chromedriver.chromium.org/security-considerations for suggestions on keeping MSEdgeDriver safe.
MSEdgeDriver was started successfully.
Oct 23, 2021 10:54:48 AM org.openqa.selenium.remote.ProtocolHandshake createSession
INFO: Detected dialect: W3C
]]></system-err>
  </testcase>
</testsuite>